[2022-01-29 18:32:11.628] [main] [info] update#setState idle
[2022-01-29 18:32:11.661] [main] [info] ExtensionHostStarterWorker created
[2022-01-29 18:32:12.968] [main] [info] Starting extension host with pid 123314 (fork() took 7 ms).
[2022-01-29 18:32:41.632] [main] [info] update#setState checking for updates
[2022-01-29 18:32:42.471] [main] [info] update#setState idle
[2022-01-29 19:32:41.638] [main] [info] update#setState checking for updates
[2022-01-29 19:32:44.039] [main] [info] update#setState idle
[2022-01-29 20:32:41.681] [main] [info] update#setState checking for updates
[2022-01-29 20:32:45.127] [main] [info] update#setState idle
[2022-01-29 21:32:41.782] [main] [info] update#setState checking for updates
[2022-01-29 21:32:44.428] [main] [info] update#setState idle
[2022-01-29 22:32:41.883] [main] [info] update#setState checking for updates
[2022-01-29 22:32:44.368] [main] [info] update#setState idle
[2022-01-29 23:32:41.898] [main] [info] update#setState checking for updates
[2022-01-29 23:32:44.562] [main] [info] update#setState idle
[2022-01-30 00:32:41.997] [main] [info] update#setState checking for updates
[2022-01-30 00:32:44.309] [main] [info] update#setState idle
[2022-01-30 01:32:42.001] [main] [info] update#setState checking for updates
[2022-01-30 01:32:44.097] [main] [info] update#setState idle
[2022-01-30 02:32:42.103] [main] [info] update#setState checking for updates
[2022-01-30 02:32:44.299] [main] [info] update#setState idle
[2022-01-30 03:32:42.199] [main] [info] update#setState checking for updates
[2022-01-30 03:32:44.391] [main] [info] update#setState idle
[2022-01-30 04:32:42.213] [main] [info] update#setState checking for updates
[2022-01-30 04:32:47.066] [main] [info] update#setState idle
[2022-01-30 05:32:42.313] [main] [info] update#setState checking for updates
[2022-01-30 05:32:44.363] [main] [info] update#setState idle
[2022-01-30 06:32:42.329] [main] [info] update#setState checking for updates
[2022-01-30 06:32:44.623] [main] [info] update#setState idle
[2022-01-30 07:32:42.429] [main] [info] update#setState checking for updates
[2022-01-30 07:32:45.123] [main] [info] update#setState idle
[2022-01-30 08:32:42.439] [main] [info] update#setState checking for updates
[2022-01-30 08:32:44.630] [main] [info] update#setState idle
[2022-01-30 09:32:42.452] [main] [info] update#setState checking for updates
[2022-01-30 09:32:46.173] [main] [info] update#setState idle
[2022-01-30 10:32:42.553] [main] [info] update#setState checking for updates
[2022-01-30 10:32:44.816] [main] [info] update#setState idle
[2022-01-30 11:32:42.576] [main] [info] update#setState checking for updates
[2022-01-30 11:32:44.604] [main] [info] update#setState idle
[2022-01-30 12:32:42.678] [main] [info] update#setState checking for updates
[2022-01-30 12:32:44.725] [main] [info] update#setState idle
[2022-01-30 13:32:42.739] [main] [info] update#setState checking for updates
[2022-01-30 13:32:44.802] [main] [info] update#setState idle
[2022-01-30 14:32:42.840] [main] [info] update#setState checking for updates
[2022-01-30 14:32:45.091] [main] [info] update#setState idle
[2022-01-30 15:32:42.941] [main] [info] update#setState checking for updates
[2022-01-30 15:32:45.350] [main] [info] update#setState idle
[2022-01-30 16:32:43.041] [main] [info] update#setState checking for updates
[2022-01-30 16:32:45.520] [main] [info] update#setState idle
[2022-01-30 17:32:43.144] [main] [info] update#setState checking for updates
[2022-01-30 17:32:45.484] [main] [info] update#setState idle
[2022-01-30 18:32:43.241] [main] [info] update#setState checking for updates
[2022-01-30 18:32:45.561] [main] [info] update#setState idle
[2022-01-30 19:03:44.609] [main] [info] Waiting for extension host with pid 123314 to exit.
[2022-01-30 19:03:44.609] [main] [info] Extension host with pid 123314 exited with code: 0, signal: null.
