[2022-01-29 18:32:13.244] [renderer1] [error] [Extension Host] (node:123314) [DEP0005] DeprecationWarning: Buffer() is deprecated due to security and usability issues. Please use the Buffer.alloc(), Buffer.allocUnsafe(), or Buffer.from() methods instead.
(Use `codium --trace-deprecation ...` to show where the warning was created)
[2022-01-29 18:32:40.104] [renderer1] [error] EACCES: permission denied, open '/usr/share/codium/resources/app/extensions/npm/package.json': Error: EACCES: permission denied, open '/usr/share/codium/resources/app/extensions/npm/package.json'
[2022-01-29 18:32:40.104] [renderer1] [error] EACCES: permission denied, open '/usr/share/codium/resources/app/extensions/json-language-features/package.json': Error: EACCES: permission denied, open '/usr/share/codium/resources/app/extensions/json-language-features/package.json'
[2022-01-29 18:32:40.105] [renderer1] [error] EACCES: permission denied, open '/usr/share/codium/resources/app/extensions/yaml/package.json': Error: EACCES: permission denied, open '/usr/share/codium/resources/app/extensions/yaml/package.json'
[2022-01-29 18:32:40.105] [renderer1] [error] EACCES: permission denied, open '/usr/share/codium/resources/app/extensions/json/package.json': Error: EACCES: permission denied, open '/usr/share/codium/resources/app/extensions/json/package.json'
[2022-01-29 18:32:40.106] [renderer1] [error] EACCES: permission denied, open '/usr/share/codium/resources/app/extensions/html-language-features/package.json': Error: EACCES: permission denied, open '/usr/share/codium/resources/app/extensions/html-language-features/package.json'
[2022-01-29 18:32:40.106] [renderer1] [error] EACCES: permission denied, open '/usr/share/codium/resources/app/extensions/html/package.json': Error: EACCES: permission denied, open '/usr/share/codium/resources/app/extensions/html/package.json'
[2022-01-29 18:32:40.107] [renderer1] [error] EACCES: permission denied, open '/usr/share/codium/resources/app/extensions/cpp/package.json': Error: EACCES: permission denied, open '/usr/share/codium/resources/app/extensions/cpp/package.json'
[2022-01-29 18:32:40.108] [renderer1] [error] EACCES: permission denied, open '/usr/share/codium/resources/app/extensions/css/package.json': Error: EACCES: permission denied, open '/usr/share/codium/resources/app/extensions/css/package.json'
[2022-01-29 18:32:40.108] [renderer1] [error] EACCES: permission denied, open '/usr/share/codium/resources/app/extensions/markdown-basics/package.json': Error: EACCES: permission denied, open '/usr/share/codium/resources/app/extensions/markdown-basics/package.json'
[2022-01-29 18:32:40.109] [renderer1] [error] EACCES: permission denied, open '/usr/share/codium/resources/app/extensions/docker/package.json': Error: EACCES: permission denied, open '/usr/share/codium/resources/app/extensions/docker/package.json'
[2022-01-29 18:32:40.109] [renderer1] [error] EACCES: permission denied, open '/usr/share/codium/resources/app/extensions/java/package.json': Error: EACCES: permission denied, open '/usr/share/codium/resources/app/extensions/java/package.json'
[2022-01-29 18:32:40.109] [renderer1] [error] EACCES: permission denied, open '/usr/share/codium/resources/app/extensions/javascript/package.json': Error: EACCES: permission denied, open '/usr/share/codium/resources/app/extensions/javascript/package.json'
[2022-01-29 18:32:40.111] [renderer1] [error] EACCES: permission denied, open '/usr/share/codium/resources/app/extensions/log/package.json': Error: EACCES: permission denied, open '/usr/share/codium/resources/app/extensions/log/package.json'
[2022-01-29 18:32:40.113] [renderer1] [error] EACCES: permission denied, open '/usr/share/codium/resources/app/extensions/debug-auto-launch/package.json': Error: EACCES: permission denied, open '/usr/share/codium/resources/app/extensions/debug-auto-launch/package.json'
[2022-01-29 18:32:40.114] [renderer1] [error] EACCES: permission denied, open '/usr/share/codium/resources/app/extensions/configuration-editing/package.json': Error: EACCES: permission denied, open '/usr/share/codium/resources/app/extensions/configuration-editing/package.json'
[2022-01-29 18:32:40.114] [renderer1] [error] EACCES: permission denied, open '/usr/share/codium/resources/app/extensions/make/package.json': Error: EACCES: permission denied, open '/usr/share/codium/resources/app/extensions/make/package.json'
[2022-01-29 18:32:40.114] [renderer1] [error] EACCES: permission denied, open '/usr/share/codium/resources/app/extensions/handlebars/package.json': Error: EACCES: permission denied, open '/usr/share/codium/resources/app/extensions/handlebars/package.json'
[2022-01-29 18:32:40.114] [renderer1] [error] EACCES: permission denied, open '/usr/share/codium/resources/app/extensions/less/package.json': Error: EACCES: permission denied, open '/usr/share/codium/resources/app/extensions/less/package.json'
[2022-01-29 18:32:40.114] [renderer1] [error] EACCES: permission denied, open '/usr/share/codium/resources/app/extensions/go/package.json': Error: EACCES: permission denied, open '/usr/share/codium/resources/app/extensions/go/package.json'
[2022-01-29 18:32:40.115] [renderer1] [error] EACCES: permission denied, open '/usr/share/codium/resources/app/extensions/bat/package.json': Error: EACCES: permission denied, open '/usr/share/codium/resources/app/extensions/bat/package.json'
[2022-01-29 18:32:40.115] [renderer1] [error] EACCES: permission denied, open '/usr/share/codium/resources/app/extensions/clojure/package.json': Error: EACCES: permission denied, open '/usr/share/codium/resources/app/extensions/clojure/package.json'
[2022-01-29 18:32:40.115] [renderer1] [error] EACCES: permission denied, open '/usr/share/codium/resources/app/extensions/emmet/package.json': Error: EACCES: permission denied, open '/usr/share/codium/resources/app/extensions/emmet/package.json'
[2022-01-29 18:32:40.115] [renderer1] [error] EACCES: permission denied, open '/usr/share/codium/resources/app/extensions/coffeescript/package.json': Error: EACCES: permission denied, open '/usr/share/codium/resources/app/extensions/coffeescript/package.json'
[2022-01-29 18:32:40.115] [renderer1] [error] EACCES: permission denied, open '/usr/share/codium/resources/app/extensions/groovy/package.json': Error: EACCES: permission denied, open '/usr/share/codium/resources/app/extensions/groovy/package.json'
[2022-01-29 18:32:40.116] [renderer1] [error] EACCES: permission denied, open '/usr/share/codium/resources/app/extensions/grunt/package.json': Error: EACCES: permission denied, open '/usr/share/codium/resources/app/extensions/grunt/package.json'
[2022-01-29 18:32:40.116] [renderer1] [error] EACCES: permission denied, open '/usr/share/codium/resources/app/extensions/gulp/package.json': Error: EACCES: permission denied, open '/usr/share/codium/resources/app/extensions/gulp/package.json'
[2022-01-29 18:32:40.116] [renderer1] [error] EACCES: permission denied, open '/usr/share/codium/resources/app/extensions/jake/package.json': Error: EACCES: permission denied, open '/usr/share/codium/resources/app/extensions/jake/package.json'
[2022-01-29 18:32:40.116] [renderer1] [error] EACCES: permission denied, open '/usr/share/codium/resources/app/extensions/shellscript/package.json': Error: EACCES: permission denied, open '/usr/share/codium/resources/app/extensions/shellscript/package.json'
[2022-01-29 18:32:40.116] [renderer1] [error] EACCES: permission denied, open '/usr/share/codium/resources/app/extensions/xml/package.json': Error: EACCES: permission denied, open '/usr/share/codium/resources/app/extensions/xml/package.json'
[2022-01-29 18:32:40.117] [renderer1] [error] EACCES: permission denied, open '/usr/share/codium/resources/app/extensions/ini/package.json': Error: EACCES: permission denied, open '/usr/share/codium/resources/app/extensions/ini/package.json'
[2022-01-29 18:32:40.117] [renderer1] [error] EACCES: permission denied, open '/usr/share/codium/resources/app/extensions/python/package.json': Error: EACCES: permission denied, open '/usr/share/codium/resources/app/extensions/python/package.json'
[2022-01-29 18:32:40.117] [renderer1] [error] EACCES: permission denied, open '/usr/share/codium/resources/app/extensions/csharp/package.json': Error: EACCES: permission denied, open '/usr/share/codium/resources/app/extensions/csharp/package.json'
[2022-01-29 18:32:40.117] [renderer1] [error] EACCES: permission denied, open '/usr/share/codium/resources/app/extensions/lua/package.json': Error: EACCES: permission denied, open '/usr/share/codium/resources/app/extensions/lua/package.json'
[2022-01-29 18:32:40.117] [renderer1] [error] EACCES: permission denied, open '/usr/share/codium/resources/app/extensions/fsharp/package.json': Error: EACCES: permission denied, open '/usr/share/codium/resources/app/extensions/fsharp/package.json'
[2022-01-29 18:32:40.118] [renderer1] [error] EACCES: permission denied, open '/usr/share/codium/resources/app/extensions/hlsl/package.json': Error: EACCES: permission denied, open '/usr/share/codium/resources/app/extensions/hlsl/package.json'
[2022-01-29 18:32:40.118] [renderer1] [error] EACCES: permission denied, open '/usr/share/codium/resources/app/extensions/merge-conflict/package.json': Error: EACCES: permission denied, open '/usr/share/codium/resources/app/extensions/merge-conflict/package.json'
[2022-01-29 18:32:40.118] [renderer1] [error] EACCES: permission denied, open '/usr/share/codium/resources/app/extensions/typescript-basics/package.json': Error: EACCES: permission denied, open '/usr/share/codium/resources/app/extensions/typescript-basics/package.json'
[2022-01-29 18:32:40.118] [renderer1] [error] EACCES: permission denied, open '/usr/share/codium/resources/app/extensions/typescript-language-features/package.json': Error: EACCES: permission denied, open '/usr/share/codium/resources/app/extensions/typescript-language-features/package.json'
[2022-01-29 18:32:40.118] [renderer1] [error] EACCES: permission denied, open '/usr/share/codium/resources/app/extensions/css-language-features/package.json': Error: EACCES: permission denied, open '/usr/share/codium/resources/app/extensions/css-language-features/package.json'
[2022-01-29 18:32:43.333] [renderer1] [error] EACCES: permission denied, open '/usr/share/codium/resources/app/extensions/debug-auto-launch/package.json': Error: EACCES: permission denied, open '/usr/share/codium/resources/app/extensions/debug-auto-launch/package.json'
[2022-01-29 18:37:35.118] [renderer1] [error] EACCES: permission denied, open '/usr/share/codium/resources/app/extensions/npm/package.json': Error: EACCES: permission denied, open '/usr/share/codium/resources/app/extensions/npm/package.json'
[2022-01-29 18:37:35.119] [renderer1] [error] EACCES: permission denied, open '/usr/share/codium/resources/app/extensions/json/package.json': Error: EACCES: permission denied, open '/usr/share/codium/resources/app/extensions/json/package.json'
[2022-01-29 18:37:35.119] [renderer1] [error] EACCES: permission denied, open '/usr/share/codium/resources/app/extensions/json-language-features/package.json': Error: EACCES: permission denied, open '/usr/share/codium/resources/app/extensions/json-language-features/package.json'
[2022-01-29 18:37:35.120] [renderer1] [error] EACCES: permission denied, open '/usr/share/codium/resources/app/extensions/html-language-features/package.json': Error: EACCES: permission denied, open '/usr/share/codium/resources/app/extensions/html-language-features/package.json'
[2022-01-29 18:37:35.120] [renderer1] [error] EACCES: permission denied, open '/usr/share/codium/resources/app/extensions/cpp/package.json': Error: EACCES: permission denied, open '/usr/share/codium/resources/app/extensions/cpp/package.json'
[2022-01-29 18:37:35.120] [renderer1] [error] EACCES: permission denied, open '/usr/share/codium/resources/app/extensions/css/package.json': Error: EACCES: permission denied, open '/usr/share/codium/resources/app/extensions/css/package.json'
[2022-01-29 18:37:35.120] [renderer1] [error] EACCES: permission denied, open '/usr/share/codium/resources/app/extensions/html/package.json': Error: EACCES: permission denied, open '/usr/share/codium/resources/app/extensions/html/package.json'
[2022-01-29 18:37:35.120] [renderer1] [error] EACCES: permission denied, open '/usr/share/codium/resources/app/extensions/yaml/package.json': Error: EACCES: permission denied, open '/usr/share/codium/resources/app/extensions/yaml/package.json'
[2022-01-29 18:37:35.120] [renderer1] [error] EACCES: permission denied, open '/usr/share/codium/resources/app/extensions/markdown-basics/package.json': Error: EACCES: permission denied, open '/usr/share/codium/resources/app/extensions/markdown-basics/package.json'
[2022-01-29 18:37:35.120] [renderer1] [error] EACCES: permission denied, open '/usr/share/codium/resources/app/extensions/docker/package.json': Error: EACCES: permission denied, open '/usr/share/codium/resources/app/extensions/docker/package.json'
[2022-01-29 18:37:35.121] [renderer1] [error] EACCES: permission denied, open '/usr/share/codium/resources/app/extensions/java/package.json': Error: EACCES: permission denied, open '/usr/share/codium/resources/app/extensions/java/package.json'
[2022-01-29 18:37:35.121] [renderer1] [error] EACCES: permission denied, open '/usr/share/codium/resources/app/extensions/javascript/package.json': Error: EACCES: permission denied, open '/usr/share/codium/resources/app/extensions/javascript/package.json'
[2022-01-29 18:37:35.121] [renderer1] [error] EACCES: permission denied, open '/usr/share/codium/resources/app/extensions/log/package.json': Error: EACCES: permission denied, open '/usr/share/codium/resources/app/extensions/log/package.json'
[2022-01-29 18:37:35.121] [renderer1] [error] EACCES: permission denied, open '/usr/share/codium/resources/app/extensions/configuration-editing/package.json': Error: EACCES: permission denied, open '/usr/share/codium/resources/app/extensions/configuration-editing/package.json'
[2022-01-29 18:37:35.121] [renderer1] [error] EACCES: permission denied, open '/usr/share/codium/resources/app/extensions/debug-auto-launch/package.json': Error: EACCES: permission denied, open '/usr/share/codium/resources/app/extensions/debug-auto-launch/package.json'
[2022-01-29 18:37:35.121] [renderer1] [error] EACCES: permission denied, open '/usr/share/codium/resources/app/extensions/make/package.json': Error: EACCES: permission denied, open '/usr/share/codium/resources/app/extensions/make/package.json'
[2022-01-29 18:37:35.121] [renderer1] [error] EACCES: permission denied, open '/usr/share/codium/resources/app/extensions/handlebars/package.json': Error: EACCES: permission denied, open '/usr/share/codium/resources/app/extensions/handlebars/package.json'
[2022-01-29 18:37:35.122] [renderer1] [error] EACCES: permission denied, open '/usr/share/codium/resources/app/extensions/less/package.json': Error: EACCES: permission denied, open '/usr/share/codium/resources/app/extensions/less/package.json'
[2022-01-29 18:37:35.122] [renderer1] [error] EACCES: permission denied, open '/usr/share/codium/resources/app/extensions/go/package.json': Error: EACCES: permission denied, open '/usr/share/codium/resources/app/extensions/go/package.json'
[2022-01-29 18:37:35.122] [renderer1] [error] EACCES: permission denied, open '/usr/share/codium/resources/app/extensions/bat/package.json': Error: EACCES: permission denied, open '/usr/share/codium/resources/app/extensions/bat/package.json'
[2022-01-29 18:37:35.122] [renderer1] [error] EACCES: permission denied, open '/usr/share/codium/resources/app/extensions/clojure/package.json': Error: EACCES: permission denied, open '/usr/share/codium/resources/app/extensions/clojure/package.json'
[2022-01-29 18:37:35.122] [renderer1] [error] EACCES: permission denied, open '/usr/share/codium/resources/app/extensions/emmet/package.json': Error: EACCES: permission denied, open '/usr/share/codium/resources/app/extensions/emmet/package.json'
[2022-01-29 18:37:35.122] [renderer1] [error] EACCES: permission denied, open '/usr/share/codium/resources/app/extensions/coffeescript/package.json': Error: EACCES: permission denied, open '/usr/share/codium/resources/app/extensions/coffeescript/package.json'
[2022-01-29 18:37:35.122] [renderer1] [error] EACCES: permission denied, open '/usr/share/codium/resources/app/extensions/groovy/package.json': Error: EACCES: permission denied, open '/usr/share/codium/resources/app/extensions/groovy/package.json'
[2022-01-29 18:37:35.123] [renderer1] [error] EACCES: permission denied, open '/usr/share/codium/resources/app/extensions/grunt/package.json': Error: EACCES: permission denied, open '/usr/share/codium/resources/app/extensions/grunt/package.json'
[2022-01-29 18:37:35.123] [renderer1] [error] EACCES: permission denied, open '/usr/share/codium/resources/app/extensions/gulp/package.json': Error: EACCES: permission denied, open '/usr/share/codium/resources/app/extensions/gulp/package.json'
[2022-01-29 18:37:35.123] [renderer1] [error] EACCES: permission denied, open '/usr/share/codium/resources/app/extensions/jake/package.json': Error: EACCES: permission denied, open '/usr/share/codium/resources/app/extensions/jake/package.json'
[2022-01-29 18:37:35.123] [renderer1] [error] EACCES: permission denied, open '/usr/share/codium/resources/app/extensions/shellscript/package.json': Error: EACCES: permission denied, open '/usr/share/codium/resources/app/extensions/shellscript/package.json'
[2022-01-29 18:37:35.123] [renderer1] [error] EACCES: permission denied, open '/usr/share/codium/resources/app/extensions/xml/package.json': Error: EACCES: permission denied, open '/usr/share/codium/resources/app/extensions/xml/package.json'
[2022-01-29 18:37:35.123] [renderer1] [error] EACCES: permission denied, open '/usr/share/codium/resources/app/extensions/ini/package.json': Error: EACCES: permission denied, open '/usr/share/codium/resources/app/extensions/ini/package.json'
[2022-01-29 18:37:35.124] [renderer1] [error] EACCES: permission denied, open '/usr/share/codium/resources/app/extensions/python/package.json': Error: EACCES: permission denied, open '/usr/share/codium/resources/app/extensions/python/package.json'
[2022-01-29 18:37:35.124] [renderer1] [error] EACCES: permission denied, open '/usr/share/codium/resources/app/extensions/csharp/package.json': Error: EACCES: permission denied, open '/usr/share/codium/resources/app/extensions/csharp/package.json'
[2022-01-29 18:37:35.124] [renderer1] [error] EACCES: permission denied, open '/usr/share/codium/resources/app/extensions/lua/package.json': Error: EACCES: permission denied, open '/usr/share/codium/resources/app/extensions/lua/package.json'
[2022-01-29 18:37:35.124] [renderer1] [error] EACCES: permission denied, open '/usr/share/codium/resources/app/extensions/fsharp/package.json': Error: EACCES: permission denied, open '/usr/share/codium/resources/app/extensions/fsharp/package.json'
[2022-01-29 18:37:35.125] [renderer1] [error] EACCES: permission denied, open '/usr/share/codium/resources/app/extensions/hlsl/package.json': Error: EACCES: permission denied, open '/usr/share/codium/resources/app/extensions/hlsl/package.json'
[2022-01-29 18:37:35.125] [renderer1] [error] EACCES: permission denied, open '/usr/share/codium/resources/app/extensions/merge-conflict/package.json': Error: EACCES: permission denied, open '/usr/share/codium/resources/app/extensions/merge-conflict/package.json'
[2022-01-29 18:37:35.125] [renderer1] [error] EACCES: permission denied, open '/usr/share/codium/resources/app/extensions/typescript-basics/package.json': Error: EACCES: permission denied, open '/usr/share/codium/resources/app/extensions/typescript-basics/package.json'
[2022-01-29 18:37:35.125] [renderer1] [error] EACCES: permission denied, open '/usr/share/codium/resources/app/extensions/css-language-features/package.json': Error: EACCES: permission denied, open '/usr/share/codium/resources/app/extensions/css-language-features/package.json'
[2022-01-29 18:37:35.125] [renderer1] [error] EACCES: permission denied, open '/usr/share/codium/resources/app/extensions/typescript-language-features/package.json': Error: EACCES: permission denied, open '/usr/share/codium/resources/app/extensions/typescript-language-features/package.json'
[2022-01-29 18:37:38.048] [renderer1] [error] EACCES: permission denied, open '/usr/share/codium/resources/app/extensions/python/package.json': Error: EACCES: permission denied, open '/usr/share/codium/resources/app/extensions/python/package.json'
