Jupyter Extension Version: 2021.11.1001552333.
Python Extension Verison: 2021.12.1559732655.
Info 18:34:10: Experimentation service retrieved: [object Object]
Info 18:34:10: ZMQ install verified.
Error 18:34:10: Jupyter Extension (Error in Failed to update settings.json, method:fixSettingsFile): [EntryNotFound (FileSystemError): Unable to read file '/home/borolo/.config/Code/User/settings.json' (Error: Unable to resolve nonexistent file '/home/borolo/.config/Code/User/settings.json')
	at Function._handleError (/usr/share/codium/resources/app/out/vs/workbench/services/extensions/node/extensionHostProcess.js:95:84547)
	at Object.readFile (/usr/share/codium/resources/app/out/vs/workbench/services/extensions/node/extensionHostProcess.js:95:83461)
	at processTicksAndRejections (internal/process/task_queues.js:93:5)
	at async m.readFile (/home/borolo/.vscode-oss/extensions/ms-toolsai.jupyter-2021.11.1001552333/out/client/extension.js:104:380494)
	at async g.fixSettingsFile (/home/borolo/.vscode-oss/extensions/ms-toolsai.jupyter-2021.11.1001552333/out/client/extension.js:66:539068)
	at async Promise.all (index 0)
	at async g.updateSettings (/home/borolo/.vscode-oss/extensions/ms-toolsai.jupyter-2021.11.1001552333/out/client/extension.js:66:540818)] {
  code: 'FileNotFound'
}
Info 18:34:10: Experiment status for python is {"enabled":true,"optInto":[],"optOutFrom":[]}
Info 18:34:10: Process Execution: > /bin/python3 -m pip list
> /bin/python3 -m pip list
Info 19:03:44: Shutting down notebooks for d13db815-f9a0-468e-8987-fb867d68bb31
Info 19:03:44: Disposing HostJupyterExecution e8183699-7456-4946-ad4a-1c6ea1d0dd7b
Info 19:03:44: Disposing super HostJupyterExecution e8183699-7456-4946-ad4a-1c6ea1d0dd7b
Info 19:03:44: Disposing HostJupyterExecution e8183699-7456-4946-ad4a-1c6ea1d0dd7b
Info 19:03:44: Finished disposing HostJupyterExecution  e8183699-7456-4946-ad4a-1c6ea1d0dd7b
Info 19:03:44: Cleaning up server cache e8183699-7456-4946-ad4a-1c6ea1d0dd7b
Info 19:03:44: Finished disposing HostJupyterExecution  e8183699-7456-4946-ad4a-1c6ea1d0dd7b
